[{"target": 0.743212182375896, "params": {"lambda_l1": 0.03557912725198774, "lambda_l2": 0.01171568089601679, "max_depth": 24.256826468405333, "min_child_samples": 7061.137105886082, "min_data_in_leaf": 1354.4414800114293, "num_leaves": 2003.2817161063408}}, {"target": 0.7429933996327627, "params": {"lambda_l1": 0.0019620309990096506, "lambda_l2": 0.0026766839219786068, "max_depth": 7.928530725241991, "min_child_samples": 5496.856000045028, "min_data_in_leaf": 1483.188473923083, "num_leaves": 373.3803625324208}}, {"target": 0.7197600712327322, "params": {"lambda_l1": 0.03216347654465178, "lambda_l2": 0.023281119288188115, "max_depth": 62.160664222427734, "min_child_samples": 1915.8534869173238, "min_data_in_leaf": 412.30746665465426, "num_leaves": 2331.918824641138}}, {"target": 0.724944104612382, "params": {"lambda_l1": 0.021981308449224326, "lambda_l2": 0.021431198148431377, "max_depth": 43.41029291014816, "min_child_samples": 5148.396257616502, "min_data_in_leaf": 628.227378273069, "num_leaves": 3109.558023186218}}, {"target": 0.7288586779878479, "params": {"lambda_l1": 0.00992184279279227, "lambda_l2": 0.023657809787722712, "max_depth": 55.56542068540382, "min_child_samples": 4289.25966400301, "min_data_in_leaf": 876.4418554407252, "num_leaves": 2854.7796764593018}}, {"target": 0.7270983435672399, "params": {"lambda_l1": 0.004199179012699367, "lambda_l2": 0.01935694152196272, "max_depth": 6.096539432114902, "min_child_samples": 1737.8100703011785, "min_data_in_leaf": 600.3901471488442, "num_leaves": 1003.1187323282702}}, {"target": 0.7432469088916837, "params": {"lambda_l1": 0.03279954197475841, "lambda_l2": 0.023722035217373705, "max_depth": 44.56725786996905, "min_child_samples": 1453.3032185513096, "min_data_in_leaf": 1969.2171486962645, "num_leaves": 1709.9398012071674}}, {"target": 0.7437754920820328, "params": {"lambda_l1": 0.04859012233201226, "lambda_l2": 0.03449279780156486, "max_depth": 17.175627710324356, "min_child_samples": 4069.4958514413797, "min_data_in_leaf": 1456.1774665539149, "num_leaves": 2388.7085834019613}}, {"target": 0.7319098879881346, "params": {"lambda_l1": 0.007830303105303677, "lambda_l2": 0.022123464482427448, "max_depth": 31.336748096890805, "min_child_samples": 4372.153314352439, "min_data_in_leaf": 954.7012287844979, "num_leaves": 2810.1311535746695}}, {"target": 0.7436866994089552, "params": {"lambda_l1": 0.04868999333469601, "lambda_l2": 0.037334740797797195, "max_depth": 47.186785157475285, "min_child_samples": 4548.70503654665, "min_data_in_leaf": 1594.5746005815363, "num_leaves": 1949.5209538293302}}, {"target": 0.7209271000576539, "params": {"lambda_l1": 0.019090463639809954, "lambda_l2": 0.03384635751338722, "max_depth": 41.22363926061199, "min_child_samples": 1933.7859757169895, "min_data_in_leaf": 215.36247049403812, "num_leaves": 363.8504675443529}}, {"target": 0.7436041401657429, "params": {"lambda_l1": 0.02753360722589748, "lambda_l2": 0.009672388612017475, "max_depth": 9.878156459496964, "min_child_samples": 6048.051452971288, "min_data_in_leaf": 1704.4399369881294, "num_leaves": 1425.500601077132}}, {"target": 0.7425411371134087, "params": {"lambda_l1": 0.027737659593825625, "lambda_l2": 0.04325478188401122, "max_depth": 11.139713908559338, "min_child_samples": 6967.224180838591, "min_data_in_leaf": 1288.5289962840193, "num_leaves": 580.3486373896286}}, {"target": 0.720025893307395, "params": {"lambda_l1": 0.04752237785050705, "lambda_l2": 0.044488364773016854, "max_depth": 45.71033649722179, "min_child_samples": 6168.439592973415, "min_data_in_leaf": 284.6714250837436, "num_leaves": 1009.451610577494}}, {"target": 0.7432507207789433, "params": {"lambda_l1": 0.0497499856608782, "lambda_l2": 0.04456063196507408, "max_depth": 43.944513756893116, "min_child_samples": 5944.445286089502, "min_data_in_leaf": 1731.922301577169, "num_leaves": 3850.4750647764336}}, {"target": 0.7436048607542594, "params": {"lambda_l1": 0.037731954182011945, "lambda_l2": 0.04104133763290567, "max_depth": 21.613738006467255, "min_child_samples": 6394.629572646658, "min_data_in_leaf": 1974.399726266657, "num_leaves": 2742.185795392754}}, {"target": 0.7433348070799589, "params": {"lambda_l1": 0.017015653430816215, "lambda_l2": 0.03984866498601197, "max_depth": 58.32543213267318, "min_child_samples": 7810.802256444732, "min_data_in_leaf": 1950.7950468405281, "num_leaves": 1217.212780994168}}]